app/build/intermediates/manifest_merge_blame_file/debug/processDebugMainManifest/manifest-merger-blame-debug-report.txt
1<?xml version="1.0" encoding="utf-8"?>
2<manifest xmlns:android="http://schemas.android.com/apk/res/android"
3    package="com.byroncoughlin.vr_construction_quest"
4    android:versionCode="1"
5    android:versionName="1.0" >
6
7    <uses-sdk
8        android:minSdkVersion="29"
9        android:targetSdkVersion="34" />
10
11    <uses-permission android:name="android.permission.INTERNET" />
11-->src/main/AndroidManifest.xml:4:5-67
11-->src/main/AndroidManifest.xml:4:22-64
12    <uses-permission android:name="android.permission.RECORD_AUDIO" />
12-->src/main/AndroidManifest.xml:5:5-71
12-->src/main/AndroidManifest.xml:5:22-68
13    <uses-permission android:name="com.oculus.permission.USE_SCENE" />
13-->src/main/AndroidManifest.xml:6:5-71
13-->src/main/AndroidManifest.xml:6:22-68
14
15    <uses-feature
15-->src/main/AndroidManifest.xml:8:5-93
16        android:name="android.hardware.vr.headtracking"
16-->src/main/AndroidManifest.xml:8:19-66
17        android:required="true" />
17-->src/main/AndroidManifest.xml:8:67-90
18    <uses-feature
18-->src/main/AndroidManifest.xml:9:5-78
19        android:glEsVersion="0x00030001"
19-->src/main/AndroidManifest.xml:9:19-51
20        android:required="true" />
20-->src/main/AndroidManifest.xml:9:52-75
21
22    <permission
22-->[androidx.core:core:1.13.1] AndroidManifest.xml:22:5-24:47
23        android:name="com.byroncoughlin.vr_construction_quest.DYNAMIC_RECEIVER_NOT_EXPORTED_PERMISSION"
23-->[androidx.core:core:1.13.1] AndroidManifest.xml:23:9-81
24        android:protectionLevel="signature" />
24-->[androidx.core:core:1.13.1] AndroidManifest.xml:24:9-44
25
26    <uses-permission android:name="com.byroncoughlin.vr_construction_quest.DYNAMIC_RECEIVER_NOT_EXPORTED_PERMISSION" />
26-->[androidx.core:core:1.13.1] AndroidManifest.xml:26:5-97
26-->[androidx.core:core:1.13.1] AndroidManifest.xml:26:22-94
27    <uses-permission android:name="com.oculus.permission.XRS_STREAM" />
27-->[com.meta.spatial:meta-spatial-sdk-castinputforward:0.9.2] AndroidManifest.xml:11:5-72
27-->[com.meta.spatial:meta-spatial-sdk-castinputforward:0.9.2] AndroidManifest.xml:11:22-69
28    <uses-permission android:name="com.oculus.permission.WIFI_LOCK" />
28-->[com.meta.spatial:meta-spatial-sdk-castinputforward:0.9.2] AndroidManifest.xml:13:5-71
28-->[com.meta.spatial:meta-spatial-sdk-castinputforward:0.9.2] AndroidManifest.xml:13:22-68
29    <uses-permission android:name="android.permission.WAKE_LOCK" />
29-->[com.meta.spatial:meta-spatial-sdk-castinputforward:0.9.2] AndroidManifest.xml:14:5-68
29-->[com.meta.spatial:meta-spatial-sdk-castinputforward:0.9.2] AndroidManifest.xml:14:22-65
30    <uses-permission android:name="android.permission.WRITE_EXTERNAL_STORAGE" />
30-->[com.meta.spatial:meta-spatial-sdk-castinputforward:0.9.2] AndroidManifest.xml:15:5-81
30-->[com.meta.spatial:meta-spatial-sdk-castinputforward:0.9.2] AndroidManifest.xml:15:22-78
31    <uses-permission android:name="android.permission.READ_EXTERNAL_STORAGE" />
32
33    <application
33-->src/main/AndroidManifest.xml:11:5-33:19
34        android:allowBackup="true"
34-->src/main/AndroidManifest.xml:12:9-35
35        android:appComponentFactory="androidx.core.app.CoreComponentFactory"
35-->[androidx.core:core:1.13.1] AndroidManifest.xml:28:18-86
36        android:debuggable="true"
37        android:extractNativeLibs="false"
38        android:icon="@drawable/hello_world"
38-->src/main/AndroidManifest.xml:13:9-45
39        android:label="VR Construction"
39-->src/main/AndroidManifest.xml:14:9-40
40        android:theme="@style/Theme.AppCompat.NoActionBar" >
40-->src/main/AndroidManifest.xml:15:9-59
41        <activity
41-->src/main/AndroidManifest.xml:17:9-28:20
42            android:name="com.byroncoughlin.vr_construction_quest.ImmersiveActivity"
42-->src/main/AndroidManifest.xml:18:13-46
43            android:configChanges="orientation|screenSize|keyboardHidden"
43-->src/main/AndroidManifest.xml:21:13-74
44            android:exported="true"
44-->src/main/AndroidManifest.xml:19:13-36
45            android:screenOrientation="landscape" >
45-->src/main/AndroidManifest.xml:20:13-50
46            <intent-filter>
46-->src/main/AndroidManifest.xml:23:13-27:29
47                <action android:name="android.intent.action.MAIN" />
47-->src/main/AndroidManifest.xml:24:17-69
47-->src/main/AndroidManifest.xml:24:25-66
48
49                <category android:name="android.intent.category.LAUNCHER" />
49-->src/main/AndroidManifest.xml:25:17-77
49-->src/main/AndroidManifest.xml:25:27-74
50                <category android:name="com.oculus.intent.category.VR" />
50-->src/main/AndroidManifest.xml:26:17-74
50-->src/main/AndroidManifest.xml:26:27-71
51            </intent-filter>
52        </activity>
53
54        <meta-data
54-->src/main/AndroidManifest.xml:30:9-32:36
55            android:name="com.oculus.vr.focusaware"
55-->src/main/AndroidManifest.xml:31:13-52
56            android:value="true" />
56-->src/main/AndroidManifest.xml:32:13-33
57
58        <provider
58-->[androidx.emoji2:emoji2:1.3.0] AndroidManifest.xml:24:9-32:20
59            android:name="androidx.startup.InitializationProvider"
59-->[androidx.emoji2:emoji2:1.3.0] AndroidManifest.xml:25:13-67
60            android:authorities="com.byroncoughlin.vr_construction_quest.androidx-startup"
60-->[androidx.emoji2:emoji2:1.3.0] AndroidManifest.xml:26:13-68
61            android:exported="false" >
61-->[androidx.emoji2:emoji2:1.3.0] AndroidManifest.xml:27:13-37
62            <meta-data
62-->[androidx.emoji2:emoji2:1.3.0] AndroidManifest.xml:29:13-31:52
63                android:name="androidx.emoji2.text.EmojiCompatInitializer"
63-->[androidx.emoji2:emoji2:1.3.0] AndroidManifest.xml:30:17-75
64                android:value="androidx.startup" />
64-->[androidx.emoji2:emoji2:1.3.0] AndroidManifest.xml:31:17-49
65            <meta-data
65-->[androidx.lifecycle:lifecycle-process:2.8.6] AndroidManifest.xml:29:13-31:52
66                android:name="androidx.lifecycle.ProcessLifecycleInitializer"
66-->[androidx.lifecycle:lifecycle-process:2.8.6] AndroidManifest.xml:30:17-78
67                android:value="androidx.startup" />
67-->[androidx.lifecycle:lifecycle-process:2.8.6] AndroidManifest.xml:31:17-49
68            <meta-data
68-->[androidx.profileinstaller:profileinstaller:1.3.1] AndroidManifest.xml:29:13-31:52
69                android:name="androidx.profileinstaller.ProfileInstallerInitializer"
69-->[androidx.profileinstaller:profileinstaller:1.3.1] AndroidManifest.xml:30:17-85
70                android:value="androidx.startup" />
70-->[androidx.profileinstaller:profileinstaller:1.3.1] AndroidManifest.xml:31:17-49
71        </provider>
72
73        <receiver
73-->[androidx.profileinstaller:profileinstaller:1.3.1] AndroidManifest.xml:34:9-52:20
74            android:name="androidx.profileinstaller.ProfileInstallReceiver"
74-->[androidx.profileinstaller:profileinstaller:1.3.1] AndroidManifest.xml:35:13-76
75            android:directBootAware="false"
75-->[androidx.profileinstaller:profileinstaller:1.3.1] AndroidManifest.xml:36:13-44
76            android:enabled="true"
76-->[androidx.profileinstaller:profileinstaller:1.3.1] AndroidManifest.xml:37:13-35
77            android:exported="true"
77-->[androidx.profileinstaller:profileinstaller:1.3.1] AndroidManifest.xml:38:13-36
78            android:permission="android.permission.DUMP" >
78-->[androidx.profileinstaller:profileinstaller:1.3.1] AndroidManifest.xml:39:13-57
79            <intent-filter>
79-->[androidx.profileinstaller:profileinstaller:1.3.1] AndroidManifest.xml:40:13-42:29
80                <action android:name="androidx.profileinstaller.action.INSTALL_PROFILE" />
80-->[androidx.profileinstaller:profileinstaller:1.3.1] AndroidManifest.xml:41:17-91
80-->[androidx.profileinstaller:profileinstaller:1.3.1] AndroidManifest.xml:41:25-88
81            </intent-filter>
82            <intent-filter>
82-->[androidx.profileinstaller:profileinstaller:1.3.1] AndroidManifest.xml:43:13-45:29
83                <action android:name="androidx.profileinstaller.action.SKIP_FILE" />
83-->[androidx.profileinstaller:profileinstaller:1.3.1] AndroidManifest.xml:44:17-85
83-->[androidx.profileinstaller:profileinstaller:1.3.1] AndroidManifest.xml:44:25-82
84            </intent-filter>
85            <intent-filter>
85-->[androidx.profileinstaller:profileinstaller:1.3.1] AndroidManifest.xml:46:13-48:29
86                <action android:name="androidx.profileinstaller.action.SAVE_PROFILE" />
86-->[androidx.profileinstaller:profileinstaller:1.3.1] AndroidManifest.xml:47:17-88
86-->[androidx.profileinstaller:profileinstaller:1.3.1] AndroidManifest.xml:47:25-85
87            </intent-filter>
88            <intent-filter>
88-->[androidx.profileinstaller:profileinstaller:1.3.1] AndroidManifest.xml:49:13-51:29
89                <action android:name="androidx.profileinstaller.action.BENCHMARK_OPERATION" />
89-->[androidx.profileinstaller:profileinstaller:1.3.1] AndroidManifest.xml:50:17-95
89-->[androidx.profileinstaller:profileinstaller:1.3.1] AndroidManifest.xml:50:25-92
90            </intent-filter>
91        </receiver>
92
93        <meta-data
93-->[com.facebook.soloader:soloader:0.11.0] AndroidManifest.xml:12:9-14:37
94            android:name="com.facebook.soloader.enabled"
94-->[com.facebook.soloader:soloader:0.11.0] AndroidManifest.xml:13:13-57
95            android:value="false" />
95-->[com.facebook.soloader:soloader:0.11.0] AndroidManifest.xml:14:13-34
96    </application>
97
98</manifest>